<?xml version="1.0" encoding="UTF-8" ?>
<testsuite errors="0" failures="0" hostname="LAPTOP-LDED" name="Tests.CoinListJUnitTest" skipped="0" tests="1" time="0.096" timestamp="2019-02-18T19:22:58">
  <properties>
[...]
</properties>
  <testcase classname="Tests.CoinListJUnitTest" name="initializeListTest" time="0.006" />
  <system-out><![CDATA[BTC
{"USD":{"LASTTRADEID":"338741049","OPEN24HOUR":3614.26,"HIGHDAY":3952.44,"LOW24HOUR":3611.05,"TOTALVOLUME24HTO":2.1110773844244366E9,"TOSYMBOL":"USD","LASTVOLUME":0.02652949,"LASTMARKET":"Bitfinex","LOWHOUR":3912.85,"MKTCAP":6.865847336379E10,"LASTUPDATE":1550517791,"TOTALVOLUME24H":542564.6573421864,"VOLUMEHOURTO":3311325.694471264,"VOLUMEHOUR":849.4818286034978,"CHANGEDAY":242.25,"FLAGS":"4","SUPPLY":17545487,"TYPE":"5","IMAGEURL":"/media/19633/btc.png","VOLUMEDAY":89446.57720504211,"VOLUME24HOUR":97008.90002018615,"MARKET":"CCCAGG","PRICE":3913.17,"CHANGEPCTDAY":6.599163152561211,"FROMSYMBOL":"BTC","LASTVOLUMETO":105.52104647499999,"CHANGEPCT24HOUR":8.270295994200746,"OPENDAY":3670.92,"VOLUMEDAYTO":3.400590597142424E8,"OPENHOUR":3922.36,"CHANGE24HOUR":298.90999999999985,"HIGH24HOUR":3957.62,"VOLUME24HOURTO":3.6754196154470474E8,"LOWDAY":3661.42,"HIGHHOUR":3926.29}}
BCH
{"USD":{"LASTTRADEID":"1550517795.3516","OPEN24HOUR":120.98,"HIGHDAY":149.4,"LOW24HOUR":120.78,"TOTALVOLUME24HTO":3.7210327139375895E8,"TOSYMBOL":"USD","LASTVOLUME":0.41963082,"LASTMARKET":"Kraken","LOWHOUR":143.02,"MKTCAP":2.516020547849143E9,"LASTUPDATE":1550517795,"TOTALVOLUME24H":2606164.6618652386,"VOLUMEHOURTO":440686.7028850868,"VOLUMEHOUR":3062.008611209998,"CHANGEDAY":19.480000000000004,"FLAGS":"1","SUPPLY":1.75454710449731E7,"TYPE":"5","IMAGEURL":"/media/1383919/12-bitcoin-cash-square-crop-small-grn.png","VOLUMEDAY":190728.98560134525,"VOLUME24HOUR":206834.05419208002,"MARKET":"CCCAGG","PRICE":143.4,"CHANGEPCTDAY":15.719819238218207,"FROMSYMBOL":"BCH","LASTVOLUMETO":59.755428768,"CHANGEPCT24HOUR":18.531988758472476,"OPENDAY":123.92,"VOLUMEDAYTO":2.6049953398833316E7,"OPENHOUR":145.06,"CHANGE24HOUR":22.42,"HIGH24HOUR":149.74,"VOLUME24HOURTO":2.8039262253428053E7,"LOWDAY":123.92,"HIGHHOUR":145.26}}
XRP
{"USD":{"LASTTRADEID":"82839900","OPEN24HOUR":0.3005,"HIGHDAY":0.3323,"LOW24HOUR":0.3,"TOTALVOLUME24HTO":4.618197613690947E8,"TOSYMBOL":"USD","LASTVOLUME":2334.498,"LASTMARKET":"Bitstamp","LOWHOUR":0.3252,"MKTCAP":3.25573466185264E10,"LASTUPDATE":1550517781,"TOTALVOLUME24H":1.421436852954739E9,"VOLUMEHOURTO":479400.6005834473,"VOLUMEHOUR":1478157.4168409095,"CHANGEDAY":0.020799999999999985,"FLAGS":"4","SUPPLY":99991850794,"TYPE":"5","IMAGEURL":"/media/34477776/xrp.png","VOLUMEDAY":9.373536218704139E7,"VOLUME24HOUR":1.0206991617334859E8,"MARKET":"CCCAGG","PRICE":0.3256,"CHANGEPCTDAY":6.824146981627291,"FROMSYMBOL":"XRP","LASTVOLUMETO":749.53727286,"CHANGEPCT24HOUR":8.35274542429285,"OPENDAY":0.3048,"VOLUMEDAYTO":2.9701933039409265E7,"OPENHOUR":0.3269,"CHANGE24HOUR":0.02510000000000001,"HIGH24HOUR":0.3327,"VOLUME24HOURTO":3.223388675307401E7,"LOWDAY":0.3035,"HIGHHOUR":0.3276}}
ETH
{"USD":{"LASTTRADEID":"338741050","OPEN24HOUR":128.83,"HIGHDAY":149.77,"LOW24HOUR":128.53,"TOTALVOLUME24HTO":1.955093829452982E9,"TOSYMBOL":"USD","LASTVOLUME":1.599,"LASTMARKET":"Bitfinex","LOWHOUR":146.01,"MKTCAP":1.5345484931720858E10,"LASTUPDATE":1550517792,"TOTALVOLUME24H":1.3446555356906038E7,"VOLUMEHOURTO":2222953.4475568705,"VOLUMEHOUR":15111.037389399973,"CHANGEDAY":11.990000000000009,"FLAGS":"4","SUPPLY":1.049120457491E8,"TYPE":"5","IMAGEURL":"/media/20646/eth_logo.png","VOLUMEDAY":1355093.6867772127,"VOLUME24HOUR":1744419.771396728,"MARKET":"CCCAGG","PRICE":146.27,"CHANGEPCTDAY":8.929103366100692,"FROMSYMBOL":"ETH","LASTVOLUMETO":237.35556,"CHANGEPCT24HOUR":13.537219591710004,"OPENDAY":134.28,"VOLUMEDAYTO":1.918941096025069E8,"OPENHOUR":146.8,"CHANGE24HOUR":17.439999999999998,"HIGH24HOUR":149.86,"VOLUME24HOURTO":2.4342245736053523E8,"LOWDAY":133.11,"HIGHHOUR":147.12}}
EOS
{"USD":{"LASTTRADEID":"338740991","OPEN24HOUR":2.85,"HIGHDAY":3.59,"LOW24HOUR":2.85,"TOTALVOLUME24HTO":1.0916632417313864E9,"TOSYMBOL":"USD","LASTVOLUME":9882.77580996,"LASTMARKET":"Bitfinex","LOWHOUR":3.48,"MKTCAP":3.608508002709622E9,"LASTUPDATE":1550517776,"TOTALVOLUME24H":3.138025336951793E8,"VOLUMEHOURTO":1044826.3998492598,"VOLUMEHOUR":298738.47840532,"CHANGEDAY":0.5700000000000003,"FLAGS":"4","SUPPLY":1.0339564477678E9,"TYPE":"5","IMAGEURL":"/media/1383652/eos_1.png","VOLUMEDAY":1.3430375410409061E7,"VOLUME24HOUR":1.425854038645146E7,"MARKET":"CCCAGG","PRICE":3.49,"CHANGEPCTDAY":19.52054794520549,"FROMSYMBOL":"EOS","LASTVOLUMETO":34558.09045226812,"CHANGEPCT24HOUR":22.456140350877195,"OPENDAY":2.92,"VOLUMEDAYTO":4.383197771984842E7,"OPENHOUR":3.52,"CHANGE24HOUR":0.6400000000000001,"HIGH24HOUR":3.59,"VOLUME24HOURTO":4.62547050839263E7,"LOWDAY":2.91,"HIGHHOUR":3.52}}
USDT
{"USD":{"LASTTRADEID":"82220282","OPEN24HOUR":0.9884,"HIGHDAY":1,"LOW24HOUR":0.9858,"TOTALVOLUME24HTO":5.2349237933653474E7,"TOSYMBOL":"USD","LASTVOLUME":6.3568657,"LASTMARKET":"Exmo","LOWHOUR":0.9925,"MKTCAP":2.0069045120776E9,"LASTUPDATE":1550517749,"TOTALVOLUME24H":5.2740987762062356E7,"VOLUMEHOURTO":16354.207047163103,"VOLUMEHOUR":16452.87323268999,"CHANGEDAY":0.0036000000000000476,"FLAGS":"4","SUPPLY":2021459017,"TYPE":"5","IMAGEURL":"/media/1383672/usdt.png","VOLUMEDAY":5431767.336429909,"VOLUME24HOUR":6286209.99137808,"MARKET":"CCCAGG","PRICE":0.9928,"CHANGEPCTDAY":0.36393044884755843,"FROMSYMBOL":"USDT","LASTVOLUMETO":6.48407935,"CHANGEPCT24HOUR":0.44516390125455996,"OPENDAY":0.9892,"VOLUMEDAYTO":5384516.858173257,"OPENHOUR":0.9933,"CHANGE24HOUR":0.0044000000000000705,"HIGH24HOUR":0.9973,"VOLUME24HOURTO":6228934.56291813,"LOWDAY":0.9857,"HIGHHOUR":0.9938}}
LTC
{"USD":{"LASTTRADEID":"36804391","OPEN24HOUR":43.17,"HIGHDAY":49.23,"LOW24HOUR":42.94,"TOTALVOLUME24HTO":4.9876927089429545E8,"TOSYMBOL":"USD","LASTVOLUME":0.50360464,"LASTMARKET":"Coinbase","LOWHOUR":47.86,"MKTCAP":2.910759048375779E9,"LASTUPDATE":1550517785,"TOTALVOLUME24H":1.0420194566834258E7,"VOLUMEHOURTO":698137.9676039828,"VOLUMEHOUR":14543.424848360017,"CHANGEDAY":4.030000000000001,"FLAGS":"4","SUPPLY":6.05273247738777E7,"TYPE":"5","IMAGEURL":"/media/35309662/ltc.png","VOLUMEDAY":1002511.4424678793,"VOLUME24HOUR":1118333.1426861698,"MARKET":"CCCAGG","PRICE":48.09,"CHANGEPCTDAY":9.146618247843852,"FROMSYMBOL":"LTC","LASTVOLUMETO":23.9312924928,"CHANGEPCT24HOUR":11.39680333564976,"OPENDAY":44.06,"VOLUMEDAYTO":4.6397424820053264E7,"OPENHOUR":48.49,"CHANGE24HOUR":4.920000000000002,"HIGH24HOUR":49.33,"VOLUME24HOURTO":5.144275500701385E7,"LOWDAY":43.7,"HIGHHOUR":48.6}}
3913.17
]]></system-out>
  <system-err><![CDATA[]]></system-err>
</testsuite>
